app/build/outputs/mapping/release/seeds.txt
com.solodev.codingchallenge.presentation.screens.home.HomeViewModel
com.solodev.codingchallenge.data.local.MovieDatabase_Impl
com.solodev.codingchallenge.MainActivity_GeneratedInjector
com.solodev.codingchallenge.MoviesApplication
com.solodev.codingchallenge.presentation.screens.details.DetailsViewModel
com.solodev.codingchallenge.presentation.screens.search.SearchViewModel
com.solodev.codingchallenge.MainViewModel
com.solodev.codingchallenge.presentation.screens.onboarding.OnboardingViewModel
com.solodev.codingchallenge.MainActivity
com.solodev.codingchallenge.presentation.screens.bookmark.BookmarkViewModel
com.solodev.codingchallenge.data.local.MovieDatabase
com.solodev.codingchallenge.MoviesApplication_GeneratedInjector
com.solodev.codingchallenge.data.remote.dto.MoviesApi
com.solodev.codingchallenge.domain.model.Movie: android.os.Parcelable$Creator CREATOR
com.solodev.codingchallenge.data.local.MovieDatabase_Impl: MovieDatabase_Impl()
com.solodev.codingchallenge.MoviesApplication: MoviesApplication()
com.solodev.codingchallenge.data.local.MovieDatabase: MovieDatabase()
com.solodev.codingchallenge.data.remote.dto.MoviesApi: java.lang.Object getMovies(java.lang.String,java.lang.String,java.lang.String,kotlin.coroutines.Continuation)
com.solodev.codingchallenge.data.remote.dto.MoviesApi: java.lang.Object searchMovies(java.lang.String,java.lang.String,java.lang.String,kotlin.coroutines.Continuation)
com.solodev.codingchallenge.MainActivity: MainActivity()
...
androidx.compose.ui.platform.AbstractComposeView: void setPreviousAttachedWindowToken(android.os.IBinder)
androidx.compose.ui.autofill.AutofillCallback: void register(androidx.compose.ui.autofill.AndroidAutofill)
androidx.compose.ui.platform.coreshims.ViewCompatShims$Api29Impl: android.view.contentcapture.ContentCaptureSession getContentCaptureSession(android.view.View)
androidx.compose.ui.text.android.Paint29: void getTextBounds(android.graphics.Paint,java.lang.CharSequence,int,int,android.graphics.Rect)
androidx.core.view.WindowInsetsCompat$Impl: androidx.core.graphics.Insets getMandatorySystemGestureInsets()
androidx.compose.ui.text.input.TextInputServiceAndroid$TextInputCommand: androidx.compose.ui.text.input.TextInputServiceAndroid$TextInputCommand[] values()
androidx.compose.ui.graphics.layer.ViewLayer: void setCanUseCompositingLayer$ui_graphics_release(boolean)
androidx.lifecycle.ReportFragment$LifecycleCallbacks: void onActivityPostCreated(android.app.Activity,android.os.Bundle)
androidx.compose.foundation.text.input.internal.HandwritingGestureApi34: int performSelectGesture(androidx.compose.foundation.text.input.internal.TransformedTextFieldState,android.view.inputmethod.SelectGesture,androidx.compose.foundation.text.input.internal.TextLayoutState)
androidx.core.view.WindowInsetsCompat$Impl: androidx.core.graphics.Insets getSystemGestureInsets()
androidx.graphics.path.ConicConverter: int internalConicToQuadratics(float[],int,float[],float,float)
androidx.compose.ui.platform.RenderNodeApi29VerificationHelper: void setRenderEffect(android.graphics.RenderNode,androidx.compose.ui.graphics.RenderEffect)
androidx.core.view.WindowInsetsCompat$Impl20: androidx.core.graphics.Insets getInsetsIgnoringVisibility(int)
androidx.lifecycle.LifecycleDispatcher$DispatcherActivityCallback: LifecycleDispatcher$DispatcherActivityCallback()
androidx.compose.ui.text.android.CanvasCompatS: void drawPatch(android.graphics.Canvas,android.graphics.NinePatch,android.graphics.RectF,android.graphics.Paint)
androidx.compose.ui.text.android.CanvasCompatS: void drawPatch(android.graphics.Canvas,android.graphics.NinePatch,android.graphics.Rect,android.graphics.Paint)
androidx.vectordrawable.graphics.drawable.VectorDrawableCompat$VFullPath: void setFillColor(int)
androidx.compose.foundation.Api31Impl: float onPullDistance(android.widget.EdgeEffect,float,float)
androidx.compose.ui.platform.AndroidComposeViewVerificationHelperMethodsO: void focusable(android.view.View,int,boolean)
androidx.compose.ui.text.android.CanvasCompatM: void drawTextRun(android.graphics.Canvas,java.lang.CharSequence,int,int,int,int,float,float,boolean,android.graphics.Paint)
androidx.vectordrawable.graphics.drawable.VectorDrawableCompat$VGroup: void setRotation(float)
androidx.core.view.ViewCompat$Api28Impl: java.lang.CharSequence getAccessibilityPaneTitle(android.view.View)
androidx.core.view.ViewCompat$Api21Impl: void callCompatInsetAnimationCallback(android.view.WindowInsets,android.view.View)
androidx.vectordrawable.graphics.drawable.VectorDrawableCompat$VGroup: void setScaleY(float)
androidx.compose.foundation.text.input.internal.CursorAnchorInfoApi33Helper: android.view.inputmethod.CursorAnchorInfo$Builder setEditorBoundsInfo(android.view.inputmethod.CursorAnchorInfo$Builder,androidx.compose.ui.geometry.Rect)
androidx.compose.foundation.layout.Direction: androidx.compose.foundation.layout.Direction[] values()
androidx.core.view.WindowInsetsCompat$Impl21: void setStableInsets(androidx.core.graphics.Insets)
androidx.core.view.WindowInsetsCompat$Impl20: androidx.core.graphics.Insets getInsets(int)
androidx.compose.material3.tokens.TypographyKeyTokens: androidx.compose.material3.tokens.TypographyKeyTokens[] values()